Thu May 12 2022 00:00:14 GMT+0900 (대한민국 표준시) ccc B120130408_D1_1107505 B120130408_D1_1107505 play=00:05:13.413/00:14:02.000 success
Thu May 12 2022 00:00:24 GMT+0900 (대한민국 표준시) ccc B120130408_D1_1107505 B120130408_D1_1107505 play=00:05:24.400/00:14:02.000 success
Thu May 12 2022 00:00:34 GMT+0900 (대한민국 표준시) ccc B120130408_D1_1107505 B120130408_D1_1107505 play=00:05:35.408/00:14:02.000 success
Thu May 12 2022 00:00:44 GMT+0900 (대한민국 표준시) ccc B120130408_D1_1107505 B120130408_D1_1107505 play=00:05:46.428/00:14:02.000 success
Thu May 12 2022 00:00:54 GMT+0900 (대한민국 표준시) ccc B120130408_D1_1107505 B120130408_D1_1107505 play=00:05:57.406/00:14:02.000 success
Thu May 12 2022 00:51:34 GMT+0900 (대한민국 표준시) ccc B120130408_D2_1107511 B120130408_D2_1107511 play=00:07:53.645/00:15:12.000 success
Thu May 12 2022 00:51:44 GMT+0900 (대한민국 표준시) ccc B120130408_D2_1107511 B120130408_D2_1107511 play=00:08:04.690/00:15:12.000 success
Thu May 12 2022 00:51:54 GMT+0900 (대한민국 표준시) ccc B120130408_D2_1107511 B120130408_D2_1107511 play=00:08:15.658/00:15:12.000 success
Thu May 12 2022 00:52:04 GMT+0900 (대한민국 표준시) ccc B120130408_D2_1107511 B120130408_D2_1107511 play=00:08:26.666/00:15:12.000 success
Thu May 12 2022 00:52:14 GMT+0900 (대한민국 표준시) ccc B120130408_D2_1107511 B120130408_D2_1107511 play=00:08:37.674/00:15:12.000 success
Thu May 12 2022 00:52:24 GMT+0900 (대한민국 표준시) ccc B120130408_D2_1107511 B120130408_D2_1107511 play=00:08:48.640/00:15:12.000 success
Thu May 12 2022 00:52:34 GMT+0900 (대한민국 표준시) ccc B120130408_D2_1107511 B120130408_D2_1107511 play=00:08:59.648/00:15:12.000 success
Thu May 12 2022 00:52:44 GMT+0900 (대한민국 표준시) ccc B120130408_D2_1107511 B120130408_D2_1107511 play=00:09:10.677/00:15:12.000 success
Thu May 12 2022 00:52:54 GMT+0900 (대한민국 표준시) ccc B120130408_D2_1107511 B120130408_D2_1107511 play=00:09:21.664/00:15:12.000 success
Thu May 12 2022 00:53:04 GMT+0900 (대한민국 표준시) ccc B120130408_D2_1107511 B120130408_D2_1107511 play=00:09:32.650/00:15:12.000 success
Thu May 12 2022 00:53:14 GMT+0900 (대한민국 표준시) ccc B120130408_D2_1107511 B120130408_D2_1107511 play=00:09:43.658/00:15:12.000 success
Thu May 12 2022 00:53:24 GMT+0900 (대한민국 표준시) ccc B120130408_D2_1107511 B120130408_D2_1107511 play=00:09:43.658/00:15:12.000 success
Thu May 12 2022 00:53:34 GMT+0900 (대한민국 표준시) ccc B120130408_D2_1107511 B120130408_D2_1107511 play=00:09:54.666/00:15:12.000 success
Thu May 12 2022 00:53:44 GMT+0900 (대한민국 표준시) ccc B120130408_D2_1107511 B120130408_D2_1107511 play=00:10:05.674/00:15:12.000 success
Thu May 12 2022 00:53:54 GMT+0900 (대한민국 표준시) ccc B120130408_D2_1107511 B120130408_D2_1107511 play=00:10:16.661/00:15:12.000 success
Thu May 12 2022 00:54:04 GMT+0900 (대한민국 표준시) ccc B120130408_D2_1107511 B120130408_D2_1107511 play=00:10:27.669/00:15:12.000 success
Thu May 12 2022 00:54:14 GMT+0900 (대한민국 표준시) ccc B120130408_D2_1107511 B120130408_D2_1107511 play=00:10:38.656/00:15:12.000 success
Thu May 12 2022 00:54:24 GMT+0900 (대한민국 표준시) ccc B120130408_D2_1107511 B120130408_D2_1107511 play=00:10:49.664/00:15:12.000 success
Thu May 12 2022 00:54:34 GMT+0900 (대한민국 표준시) ccc B120130408_D2_1107511 B120130408_D2_1107511 play=00:11:00.672/00:15:12.000 success
Thu May 12 2022 00:54:44 GMT+0900 (대한민국 표준시) ccc B120130408_D2_1107511 B120130408_D2_1107511 play=00:11:11.680/00:15:12.000 success
Thu May 12 2022 00:54:54 GMT+0900 (대한민국 표준시) ccc B120130408_D2_1107511 B120130408_D2_1107511 play=00:11:22.666/00:15:12.000 success
Thu May 12 2022 00:55:04 GMT+0900 (대한민국 표준시) ccc B120130408_D2_1107511 B120130408_D2_1107511 play=00:11:33.665/00:15:12.000 success
Thu May 12 2022 00:55:14 GMT+0900 (대한민국 표준시) ccc B120130408_D2_1107511 B120130408_D2_1107511 play=00:11:33.665/00:15:12.000 success
Thu May 12 2022 00:55:24 GMT+0900 (대한민국 표준시) ccc B120130408_D2_1107511 B120130408_D2_1107511 play=00:11:44.661/00:15:12.000 success
Thu May 12 2022 00:55:34 GMT+0900 (대한민국 표준시) ccc B120130408_D2_1107511 B120130408_D2_1107511 play=00:11:55.669/00:15:12.000 success
Thu May 12 2022 00:55:44 GMT+0900 (대한민국 표준시) ccc B120130408_D2_1107511 B120130408_D2_1107511 play=00:12:06.665/00:15:12.000 success
Thu May 12 2022 00:55:54 GMT+0900 (대한민국 표준시) ccc B120130408_D2_1107511 B120130408_D2_1107511 play=00:12:17.664/00:15:12.000 success
Thu May 12 2022 00:56:04 GMT+0900 (대한민국 표준시) ccc B120130408_D2_1107511 B120130408_D2_1107511 play=00:12:28.653/00:15:12.000 success
Thu May 12 2022 00:56:14 GMT+0900 (대한민국 표준시) ccc B120130408_D2_1107511 B120130408_D2_1107511 play=00:12:39.680/00:15:12.000 success
Thu May 12 2022 00:56:24 GMT+0900 (대한민국 표준시) ccc B120130408_D2_1107511 B120130408_D2_1107511 play=00:12:50.645/00:15:12.000 success
Thu May 12 2022 00:56:34 GMT+0900 (대한민국 표준시) ccc B120130408_D2_1107511 B120130408_D2_1107511 play=00:13:01.653/00:15:12.000 success
Thu May 12 2022 00:56:44 GMT+0900 (대한민국 표준시) ccc B120130408_D2_1107511 B120130408_D2_1107511 play=00:13:12.664/00:15:12.000 success
Thu May 12 2022 00:56:54 GMT+0900 (대한민국 표준시) ccc B120130408_D2_1107511 B120130408_D2_1107511 play=00:13:23.675/00:15:12.000 success
Thu May 12 2022 00:57:04 GMT+0900 (대한민국 표준시) ccc B120130408_D2_1107511 B120130408_D2_1107511 play=00:13:23.675/00:15:12.000 success
Thu May 12 2022 00:57:14 GMT+0900 (대한민국 표준시) ccc B120130408_D2_1107511 B120130408_D2_1107511 play=00:13:34.677/00:15:12.000 success
Thu May 12 2022 00:57:24 GMT+0900 (대한민국 표준시) ccc B120130408_D2_1107511 B120130408_D2_1107511 play=00:13:45.664/00:15:12.000 success
Thu May 12 2022 00:57:34 GMT+0900 (대한민국 표준시) ccc B120130408_D2_1107511 B120130408_D2_1107511 play=00:13:56.650/00:15:12.000 success
Thu May 12 2022 00:57:44 GMT+0900 (대한민국 표준시) ccc B120130408_D2_1107511 B120130408_D2_1107511 play=00:14:07.658/00:15:12.000 success
Thu May 12 2022 00:57:54 GMT+0900 (대한민국 표준시) ccc B120130408_D2_1107511 B120130408_D2_1107511 play=00:14:18.666/00:15:12.000 success
Thu May 12 2022 00:58:04 GMT+0900 (대한민국 표준시) ccc B120130408_D2_1107511 B120130408_D2_1107511 play=00:14:29.675/00:15:12.000 success
Thu May 12 2022 00:58:14 GMT+0900 (대한민국 표준시) ccc cocos_ad_60s_20210528_2mbps B120130408_D2_1107511 play=00:14:40.682/00:15:12.000 error
Thu May 12 2022 00:58:24 GMT+0900 (대한민국 표준시) ccc cocos_ad_60s_20210528_2mbps B120130408_D2_1107511 play=00:14:51.648/00:15:12.000 error
Thu May 12 2022 00:58:24 GMT+0900 (대한민국 표준시) ccc cocos_ad_60s_20210528_2mbps B120130408_D2_1107511 fail
Thu May 12 2022 00:58:34 GMT+0900 (대한민국 표준시) ccc cocos_ad_60s_20210528_2mbps B120130408_D2_1107511 play=00:15:02.677/00:15:12.000 error
Thu May 12 2022 00:58:44 GMT+0900 (대한민국 표준시) ccc cocos_ad_60s_20210528_2mbps cocos_ad_60s_20210528_2mbps play=00:00:02.389/00:01:00.166 success
Thu May 12 2022 00:58:54 GMT+0900 (대한민국 표준시) ccc cocos_ad_60s_20210528_2mbps cocos_ad_60s_20210528_2mbps play=00:00:02.389/00:01:00.166 success
Thu May 12 2022 00:59:04 GMT+0900 (대한민국 표준시) ccc cocos_ad_60s_20210528_2mbps cocos_ad_60s_20210528_2mbps play=00:00:13.397/00:01:00.166 success
Thu May 12 2022 00:59:14 GMT+0900 (대한민국 표준시) ccc cocos_ad_60s_20210528_2mbps cocos_ad_60s_20210528_2mbps play=00:00:24.383/00:01:00.166 success
Thu May 12 2022 00:59:24 GMT+0900 (대한민국 표준시) ccc B120130408_D2_1107511 cocos_ad_60s_20210528_2mbps play=00:00:35.391/00:01:00.166 error
Thu May 12 2022 00:59:34 GMT+0900 (대한민국 표준시) ccc B120130408_D2_1107511 cocos_ad_60s_20210528_2mbps play=00:00:46.399/00:01:00.166 error
Thu May 12 2022 00:59:34 GMT+0900 (대한민국 표준시) ccc B120130408_D2_1107511 cocos_ad_60s_20210528_2mbps fail
Thu May 12 2022 00:59:44 GMT+0900 (대한민국 표준시) ccc B120130408_D2_1107511 cocos_ad_60s_20210528_2mbps play=00:00:57.386/00:01:00.166 error
Thu May 12 2022 00:59:54 GMT+0900 (대한민국 표준시) ccc B120130408_D2_1107511 B120130408_D2_1107511 play=00:00:07.530/00:10:56.000 success
Thu May 12 2022 01:00:04 GMT+0900 (대한민국 표준시) ccc B120130408_D2_1107511 B120130408_D2_1107511 play=00:00:18.517/00:10:56.000 success
Thu May 12 2022 01:00:14 GMT+0900 (대한민국 표준시) ccc B120130408_D2_1107511 B120130408_D2_1107511 play=00:00:29.513/00:10:56.000 success
Thu May 12 2022 01:00:24 GMT+0900 (대한민국 표준시) ccc B120130408_D2_1107511 B120130408_D2_1107511 play=00:00:40.533/00:10:56.000 success
Thu May 12 2022 01:00:34 GMT+0900 (대한민국 표준시) ccc B120130408_D2_1107511 B120130408_D2_1107511 play=00:00:51.520/00:10:56.000 success
Thu May 12 2022 01:00:44 GMT+0900 (대한민국 표준시) ccc B120130408_D2_1107511 B120130408_D2_1107511 play=00:00:51.520/00:10:56.000 success
Thu May 12 2022 01:00:54 GMT+0900 (대한민국 표준시) ccc B120130408_D2_1107511 B120130408_D2_1107511 play=00:01:02.528/00:10:56.000 success
Thu May 12 2022 01:01:04 GMT+0900 (대한민국 표준시) ccc B120130408_D2_1107511 B120130408_D2_1107511 play=00:01:13.536/00:10:56.000 success
Thu May 12 2022 01:01:14 GMT+0900 (대한민국 표준시) ccc B120130408_D2_1107511 B120130408_D2_1107511 play=00:01:24.535/00:10:56.000 success
Thu May 12 2022 01:01:24 GMT+0900 (대한민국 표준시) ccc B120130408_D2_1107511 B120130408_D2_1107511 play=00:01:35.512/00:10:56.000 success
Thu May 12 2022 01:01:34 GMT+0900 (대한민국 표준시) ccc B120130408_D2_1107511 B120130408_D2_1107511 play=00:01:46.523/00:10:56.000 success
Thu May 12 2022 01:01:44 GMT+0900 (대한민국 표준시) ccc B120130408_D2_1107511 B120130408_D2_1107511 play=00:01:57.534/00:10:56.000 success
Thu May 12 2022 01:01:54 GMT+0900 (대한민국 표준시) ccc B120130408_D2_1107511 B120130408_D2_1107511 play=00:02:08.512/00:10:56.000 success
Thu May 12 2022 01:02:04 GMT+0900 (대한민국 표준시) ccc B120130408_D2_1107511 B120130408_D2_1107511 play=00:02:19.523/00:10:56.000 success
Thu May 12 2022 01:02:14 GMT+0900 (대한민국 표준시) ccc B120130408_D2_1107511 B120130408_D2_1107511 play=00:02:30.528/00:10:56.000 success
Thu May 12 2022 01:02:24 GMT+0900 (대한민국 표준시) ccc B120130408_D2_1107511 B120130408_D2_1107511 play=00:02:41.536/00:10:56.000 success
Thu May 12 2022 01:02:34 GMT+0900 (대한민국 표준시) ccc B120130408_D2_1107511 B120130408_D2_1107511 play=00:02:41.536/00:10:56.000 success
Thu May 12 2022 01:02:44 GMT+0900 (대한민국 표준시) ccc B120130408_D2_1107511 B120130408_D2_1107511 play=00:02:52.523/00:10:56.000 success
Thu May 12 2022 01:02:54 GMT+0900 (대한민국 표준시) ccc B120130408_D2_1107511 B120130408_D2_1107511 play=00:03:03.534/00:10:56.000 success
Thu May 12 2022 01:03:04 GMT+0900 (대한민국 표준시) ccc B120130408_D2_1107511 B120130408_D2_1107511 play=00:03:14.517/00:10:56.000 success
Thu May 12 2022 01:03:14 GMT+0900 (대한민국 표준시) ccc B120130408_D2_1107511 B120130408_D2_1107511 play=00:03:25.525/00:10:56.000 success
Thu May 12 2022 01:03:24 GMT+0900 (대한민국 표준시) ccc B120130408_D2_1107511 B120130408_D2_1107511 play=00:03:36.512/00:10:56.000 success
Thu May 12 2022 01:03:34 GMT+0900 (대한민국 표준시) ccc B120130408_D2_1107511 B120130408_D2_1107511 play=00:03:47.541/00:10:56.000 success
Thu May 12 2022 01:03:44 GMT+0900 (대한민국 표준시) ccc B120130408_D2_1107511 B120130408_D2_1107511 play=00:03:58.528/00:10:56.000 success
Thu May 12 2022 01:03:54 GMT+0900 (대한민국 표준시) ccc B120130408_D2_1107511 B120130408_D2_1107511 play=00:04:09.514/00:10:56.000 success
Thu May 12 2022 01:04:04 GMT+0900 (대한민국 표준시) ccc B120130408_D2_1107511 B120130408_D2_1107511 play=00:04:20.522/00:10:56.000 success
Thu May 12 2022 01:04:14 GMT+0900 (대한민국 표준시) ccc B120130408_D2_1107511 B120130408_D2_1107511 play=00:04:31.530/00:10:56.000 success
Thu May 12 2022 01:04:24 GMT+0900 (대한민국 표준시) ccc B120130408_D2_1107511 B120130408_D2_1107511 play=00:04:31.530/00:10:56.000 success
Thu May 12 2022 01:04:34 GMT+0900 (대한민국 표준시) ccc B120130408_D2_1107511 B120130408_D2_1107511 play=00:04:42.499/00:10:56.000 success
Thu May 12 2022 01:04:44 GMT+0900 (대한민국 표준시) ccc B120130408_D2_1107511 B120130408_D2_1107511 play=00:04:53.546/00:10:56.000 success
Thu May 12 2022 01:04:54 GMT+0900 (대한민국 표준시) ccc B120130408_D2_1107511 B120130408_D2_1107511 play=00:05:04.533/00:10:56.000 success
Thu May 12 2022 01:05:04 GMT+0900 (대한민국 표준시) ccc B120130408_D2_1107511 B120130408_D2_1107511 play=00:05:15.498/00:10:56.000 success
Thu May 12 2022 01:05:14 GMT+0900 (대한민국 표준시) ccc B120130408_D2_1107511 B120130408_D2_1107511 play=00:05:26.510/00:10:56.000 success
Thu May 12 2022 01:05:24 GMT+0900 (대한민국 표준시) ccc B120130408_D2_1107511 B120130408_D2_1107511 play=00:05:37.514/00:10:56.000 success
Thu May 12 2022 01:05:34 GMT+0900 (대한민국 표준시) ccc B120130408_D2_1107511 B120130408_D2_1107511 play=00:05:48.532/00:10:56.000 success
Thu May 12 2022 01:05:44 GMT+0900 (대한민국 표준시) ccc B120130408_D2_1107511 B120130408_D2_1107511 play=00:05:59.530/00:10:56.000 success
Thu May 12 2022 01:05:54 GMT+0900 (대한민국 표준시) ccc B120130408_D2_1107511 B120130408_D2_1107511 play=00:06:10.521/00:10:56.000 success
Thu May 12 2022 01:06:04 GMT+0900 (대한민국 표준시) ccc B120130408_D2_1107511 B120130408_D2_1107511 play=00:06:21.504/00:10:56.000 success
Thu May 12 2022 01:06:14 GMT+0900 (대한민국 표준시) ccc B120130408_D2_1107511 B120130408_D2_1107511 play=00:06:21.504/00:10:56.000 success
Thu May 12 2022 01:06:24 GMT+0900 (대한민국 표준시) ccc B120130408_D2_1107511 B120130408_D2_1107511 play=00:06:32.543/00:10:56.000 success
Thu May 12 2022 01:06:34 GMT+0900 (대한민국 표준시) ccc B120130408_D2_1107511 B120130408_D2_1107511 play=00:06:43.520/00:10:56.000 success
Thu May 12 2022 01:06:44 GMT+0900 (대한민국 표준시) ccc B120130408_D2_1107511 B120130408_D2_1107511 play=00:06:54.531/00:10:56.000 success
Thu May 12 2022 01:06:54 GMT+0900 (대한민국 표준시) ccc B120130408_D2_1107511 B120130408_D2_1107511 play=00:07:05.536/00:10:56.000 success
Thu May 12 2022 01:07:04 GMT+0900 (대한민국 표준시) ccc B120130408_D2_1107511 B120130408_D2_1107511 play=00:07:16.544/00:10:56.000 success
Thu May 12 2022 01:07:14 GMT+0900 (대한민국 표준시) ccc B120130408_D2_1107511 B120130408_D2_1107511 play=00:07:27.509/00:10:56.000 success
Thu May 12 2022 01:07:24 GMT+0900 (대한민국 표준시) ccc B120130408_D2_1107511 B120130408_D2_1107511 play=00:07:38.538/00:10:56.000 success
Thu May 12 2022 00:00:14 GMT+0900 (대한민국 표준시) ccc B120130408_D1_1107505 B120130408_D1_1107505 play=00:05:13.413/00:14:02.000 success
Thu May 12 2022 00:00:24 GMT+0900 (대한민국 표준시) ccc B120130408_D1_1107505 B120130408_D1_1107505 play=00:05:24.400/00:14:02.000 success
Thu May 12 2022 00:00:34 GMT+0900 (대한민국 표준시) ccc B120130408_D1_1107505 B120130408_D1_1107505 play=00:05:35.408/00:14:02.000 success
Thu May 12 2022 00:00:44 GMT+0900 (대한민국 표준시) ccc B120130408_D1_1107505 B120130408_D1_1107505 play=00:05:46.428/00:14:02.000 success
Thu May 12 2022 00:00:54 GMT+0900 (대한민국 표준시) ccc B120130408_D1_1107505 B120130408_D1_1107505 play=00:05:57.406/00:14:02.000 success
Thu May 12 2022 00:01:04 GMT+0900 (대한민국 표준시) ccc B120130408_D1_1107505 B120130408_D1_1107505 play=00:06:08.432/00:14:02.000 success
Thu May 12 2022 00:01:14 GMT+0900 (대한민국 표준시) ccc B120130408_D1_1107505 B120130408_D1_1107505 play=00:06:19.428/00:14:02.000 success
Thu May 12 2022 00:01:24 GMT+0900 (대한민국 표준시) ccc B120130408_D1_1107505 B120130408_D1_1107505 play=00:06:30.405/00:14:02.000 success
Thu May 12 2022 00:01:34 GMT+0900 (대한민국 표준시) ccc B120130408_D1_1107505 B120130408_D1_1107505 play=00:06:41.392/00:14:02.000 success
Thu May 12 2022 00:01:44 GMT+0900 (대한민국 표준시) ccc B120130408_D1_1107505 B120130408_D1_1107505 play=00:06:52.400/00:14:02.000 success
Thu May 12 2022 00:01:54 GMT+0900 (대한민국 표준시) ccc B120130408_D1_1107505 B120130408_D1_1107505 play=00:07:03.408/00:14:02.000 success
Thu May 12 2022 00:02:04 GMT+0900 (대한민국 표준시) ccc B120130408_D1_1107505 B120130408_D1_1107505 play=00:07:03.408/00:14:02.000 success
Thu May 12 2022 00:02:14 GMT+0900 (대한민국 표준시) ccc B120130408_D1_1107505 B120130408_D1_1107505 play=00:07:14.416/00:14:02.000 success
Thu May 12 2022 00:02:24 GMT+0900 (대한민국 표준시) ccc B120130408_D1_1107505 B120130408_D1_1107505 play=00:07:25.402/00:14:02.000 success
Thu May 12 2022 00:02:34 GMT+0900 (대한민국 표준시) ccc B120130408_D1_1107505 B120130408_D1_1107505 play=00:07:36.410/00:14:02.000 success
Thu May 12 2022 00:02:44 GMT+0900 (대한민국 표준시) ccc B120130408_D1_1107505 B120130408_D1_1107505 play=00:07:47.397/00:14:02.000 success
Thu May 12 2022 00:02:54 GMT+0900 (대한민국 표준시) ccc B120130408_D1_1107505 B120130408_D1_1107505 play=00:07:58.393/00:14:02.000 success
Thu May 12 2022 00:03:04 GMT+0900 (대한민국 표준시) ccc B120130408_D1_1107505 B120130408_D1_1107505 play=00:08:09.404/00:14:02.000 success
Thu May 12 2022 00:03:14 GMT+0900 (대한민국 표준시) ccc B120130408_D1_1107505 B120130408_D1_1107505 play=00:08:20.421/00:14:02.000 success
Thu May 12 2022 00:03:24 GMT+0900 (대한민국 표준시) ccc B120130408_D1_1107505 B120130408_D1_1107505 play=00:08:31.408/00:14:02.000 success
Thu May 12 2022 00:03:34 GMT+0900 (대한민국 표준시) ccc B120130408_D1_1107505 B120130408_D1_1107505 play=00:08:42.416/00:14:02.000 success
Thu May 12 2022 00:03:44 GMT+0900 (대한민국 표준시) ccc B120130408_D1_1107505 B120130408_D1_1107505 play=00:08:53.415/00:14:02.000 success
Thu May 12 2022 00:03:54 GMT+0900 (대한민국 표준시) ccc B120130408_D1_1107505 B120130408_D1_1107505 play=00:08:53.415/00:14:02.000 success
Thu May 12 2022 00:04:04 GMT+0900 (대한민국 표준시) ccc B120130408_D1_1107505 B120130408_D1_1107505 play=00:09:04.410/00:14:02.000 success
Thu May 12 2022 00:04:14 GMT+0900 (대한민국 표준시) ccc B120130408_D1_1107505 B120130408_D1_1107505 play=00:09:15.418/00:14:02.000 success
Thu May 12 2022 00:04:24 GMT+0900 (대한민국 표준시) ccc B120130408_D1_1107505 B120130408_D1_1107505 play=00:09:26.415/00:14:02.000 success
Thu May 12 2022 00:04:34 GMT+0900 (대한민국 표준시) ccc B120130408_D1_1107505 B120130408_D1_1107505 play=00:09:37.413/00:14:02.000 success
Thu May 12 2022 00:04:44 GMT+0900 (대한민국 표준시) ccc B120130408_D1_1107505 B120130408_D1_1107505 play=00:09:48.421/00:14:02.000 success
Thu May 12 2022 00:04:54 GMT+0900 (대한민국 표준시) ccc B120130408_D1_1107505 B120130408_D1_1107505 play=00:09:59.408/00:14:02.000 success
Thu May 12 2022 00:05:04 GMT+0900 (대한민국 표준시) ccc B120130408_D1_1107505 B120130408_D1_1107505 play=00:10:10.425/00:14:02.000 success
Thu May 12 2022 00:05:14 GMT+0900 (대한민국 표준시) ccc B120130408_D1_1107505 B120130408_D1_1107505 play=00:10:21.424/00:14:02.000 success
Thu May 12 2022 00:05:24 GMT+0900 (대한민국 표준시) ccc B120130408_D1_1107505 B120130408_D1_1107505 play=00:10:32.414/00:14:02.000 success
Thu May 12 2022 00:05:34 GMT+0900 (대한민국 표준시) ccc B120130408_D1_1107505 B120130408_D1_1107505 play=00:10:43.397/00:14:02.000 success
Thu May 12 2022 00:05:44 GMT+0900 (대한민국 표준시) ccc B120130408_D1_1107505 B120130408_D1_1107505 play=00:10:43.397/00:14:02.000 success
Thu May 12 2022 00:05:54 GMT+0900 (대한민국 표준시) ccc B120130408_D1_1107505 B120130408_D1_1107505 play=00:10:54.405/00:14:02.000 success
Thu May 12 2022 00:06:04 GMT+0900 (대한민국 표준시) ccc B120130408_D1_1107505 B120130408_D1_1107505 play=00:11:05.414/00:14:02.000 success
Thu May 12 2022 00:06:14 GMT+0900 (대한민국 표준시) ccc B120130408_D1_1107505 B120130408_D1_1107505 play=00:11:16.400/00:14:02.000 success
Thu May 12 2022 00:06:24 GMT+0900 (대한민국 표준시) ccc B120130408_D1_1107505 B120130408_D1_1107505 play=00:11:27.408/00:14:02.000 success
Thu May 12 2022 00:06:34 GMT+0900 (대한민국 표준시) ccc B120130408_D1_1107505 B120130408_D1_1107505 play=00:11:38.394/00:14:02.000 success
Thu May 12 2022 00:06:44 GMT+0900 (대한민국 표준시) ccc B120130408_D1_1107505 B120130408_D1_1107505 play=00:11:49.402/00:14:02.000 success
Thu May 12 2022 00:06:54 GMT+0900 (대한민국 표준시) ccc B120130408_D1_1107505 B120130408_D1_1107505 play=00:12:00.435/00:14:02.000 success
Thu May 12 2022 00:07:04 GMT+0900 (대한민국 표준시) ccc B120130408_D1_1107505 B120130408_D1_1107505 play=00:12:11.413/00:14:02.000 success
Thu May 12 2022 00:07:14 GMT+0900 (대한민국 표준시) ccc B120130408_D1_1107505 B120130408_D1_1107505 play=00:12:22.426/00:14:02.000 success
Thu May 12 2022 00:07:24 GMT+0900 (대한민국 표준시) ccc B120130408_D1_1107505 B120130408_D1_1107505 play=00:12:33.402/00:14:02.000 success
Thu May 12 2022 00:07:34 GMT+0900 (대한민국 표준시) ccc B120130408_D1_1107505 B120130408_D1_1107505 play=00:12:33.402/00:14:02.000 success
Thu May 12 2022 00:07:44 GMT+0900 (대한민국 표준시) ccc B120130408_D1_1107505 B120130408_D1_1107505 play=00:12:44.421/00:14:02.000 success
Thu May 12 2022 00:07:54 GMT+0900 (대한민국 표준시) ccc B120130408_D1_1107505 B120130408_D1_1107505 play=00:12:55.390/00:14:02.000 success
Thu May 12 2022 00:08:04 GMT+0900 (대한민국 표준시) ccc B120130408_D1_1107505 B120130408_D1_1107505 play=00:13:06.416/00:14:02.000 success
Thu May 12 2022 00:08:14 GMT+0900 (대한민국 표준시) ccc B120130408_D1_1107505 B120130408_D1_1107505 play=00:13:17.424/00:14:02.000 success
Thu May 12 2022 00:08:24 GMT+0900 (대한민국 표준시) ccc B120130408_D1_1107505 B120130408_D1_1107505 play=00:13:28.423/00:14:02.000 success
Thu May 12 2022 00:08:34 GMT+0900 (대한민국 표준시) ccc cocos_ad_60s_20210528_2mbps B120130408_D1_1107505 play=00:13:39.418/00:14:02.000 error
Thu May 12 2022 00:08:44 GMT+0900 (대한민국 표준시) ccc cocos_ad_60s_20210528_2mbps B120130408_D1_1107505 play=00:13:50.384/00:14:02.000 error
Thu May 12 2022 00:08:44 GMT+0900 (대한민국 표준시) ccc cocos_ad_60s_20210528_2mbps B120130408_D1_1107505 fail
Thu May 12 2022 00:08:54 GMT+0900 (대한민국 표준시) ccc cocos_ad_60s_20210528_2mbps cocos_ad_60s_20210528_2mbps play=00:00:00.981/00:01:00.166 success
Thu May 12 2022 00:09:04 GMT+0900 (대한민국 표준시) ccc cocos_ad_60s_20210528_2mbps cocos_ad_60s_20210528_2mbps play=00:00:11.989/00:01:00.166 success
Thu May 12 2022 00:09:14 GMT+0900 (대한민국 표준시) ccc cocos_ad_60s_20210528_2mbps cocos_ad_60s_20210528_2mbps play=00:00:22.997/00:01:00.166 success
Thu May 12 2022 00:09:24 GMT+0900 (대한민국 표준시) ccc cocos_ad_60s_20210528_2mbps cocos_ad_60s_20210528_2mbps play=00:00:22.997/00:01:00.166 success
Thu May 12 2022 00:09:34 GMT+0900 (대한민국 표준시) ccc B120130408_D1_1107505 cocos_ad_60s_20210528_2mbps play=00:00:33.983/00:01:00.166 error
Thu May 12 2022 00:09:44 GMT+0900 (대한민국 표준시) ccc B120130408_D1_1107505 cocos_ad_60s_20210528_2mbps play=00:00:44.991/00:01:00.166 error
Thu May 12 2022 00:09:44 GMT+0900 (대한민국 표준시) ccc B120130408_D1_1107505 cocos_ad_60s_20210528_2mbps fail
Thu May 12 2022 00:09:54 GMT+0900 (대한민국 표준시) ccc B120130408_D1_1107505 cocos_ad_60s_20210528_2mbps play=00:00:55.999/00:01:00.166 error
Thu May 12 2022 00:10:04 GMT+0900 (대한민국 표준시) ccc B120130408_D1_1107505 B120130408_D1_1107505 play=00:00:05.237/00:05:43.000 success
Thu May 12 2022 00:10:14 GMT+0900 (대한민국 표준시) ccc B120130408_D1_1107505 B120130408_D1_1107505 play=00:00:16.245/00:05:43.000 success
Thu May 12 2022 00:10:24 GMT+0900 (대한민국 표준시) ccc B120130408_D1_1107505 B120130408_D1_1107505 play=00:00:27.232/00:05:43.000 success
Thu May 12 2022 00:10:34 GMT+0900 (대한민국 표준시) ccc B120130408_D1_1107505 B120130408_D1_1107505 play=00:00:38.262/00:05:43.000 success
Thu May 12 2022 00:10:44 GMT+0900 (대한민국 표준시) ccc B120130408_D1_1107505 B120130408_D1_1107505 play=00:00:49.239/00:05:43.000 success
Thu May 12 2022 00:10:54 GMT+0900 (대한민국 표준시) ccc B120130408_D1_1107505 B120130408_D1_1107505 play=00:01:00.234/00:05:43.000 success
Thu May 12 2022 00:11:04 GMT+0900 (대한민국 표준시) ccc B120130408_D1_1107505 B120130408_D1_1107505 play=00:01:11.242/00:05:43.000 success
Thu May 12 2022 00:11:14 GMT+0900 (대한민국 표준시) ccc B120130408_D1_1107505 B120130408_D1_1107505 play=00:01:11.242/00:05:43.000 success
Thu May 12 2022 00:11:24 GMT+0900 (대한민국 표준시) ccc B120130408_D1_1107505 B120130408_D1_1107505 play=00:01:22.239/00:05:43.000 success
Thu May 12 2022 00:11:34 GMT+0900 (대한민국 표준시) ccc B120130408_D1_1107505 B120130408_D1_1107505 play=00:01:33.237/00:05:43.000 success
Thu May 12 2022 00:11:44 GMT+0900 (대한민국 표준시) ccc B120130408_D1_1107505 B120130408_D1_1107505 play=00:01:44.266/00:05:43.000 success
Thu May 12 2022 00:11:54 GMT+0900 (대한민국 표준시) ccc B120130408_D1_1107505 B120130408_D1_1107505 play=00:01:55.253/00:05:43.000 success
Thu May 12 2022 00:12:04 GMT+0900 (대한민국 표준시) ccc B120130408_D1_1107505 B120130408_D1_1107505 play=00:02:06.240/00:05:43.000 success
Thu May 12 2022 00:12:14 GMT+0900 (대한민국 표준시) ccc B120130408_D1_1107505 B120130408_D1_1107505 play=00:02:17.248/00:05:43.000 success
Thu May 12 2022 00:12:24 GMT+0900 (대한민국 표준시) ccc B120130408_D1_1107505 B120130408_D1_1107505 play=00:02:28.238/00:05:43.000 success
Thu May 12 2022 00:12:34 GMT+0900 (대한민국 표준시) ccc B120130408_D1_1107505 B120130408_D1_1107505 play=00:02:39.264/00:05:43.000 success
Thu May 12 2022 00:12:44 GMT+0900 (대한민국 표준시) ccc B120130408_D1_1107505 B120130408_D1_1107505 play=00:02:50.229/00:05:43.000 success
Thu May 12 2022 00:12:54 GMT+0900 (대한민국 표준시) ccc B120130408_D1_1107505 B120130408_D1_1107505 play=00:03:01.258/00:05:43.000 success
Thu May 12 2022 00:13:04 GMT+0900 (대한민국 표준시) ccc B120130408_D1_1107505 B120130408_D1_1107505 play=00:03:01.258/00:05:43.000 success
Thu May 12 2022 00:13:14 GMT+0900 (대한민국 표준시) ccc B120130408_D1_1107505 B120130408_D1_1107505 play=00:03:12.266/00:05:43.000 success
Thu May 12 2022 00:13:24 GMT+0900 (대한민국 표준시) ccc B120130408_D1_1107505 B120130408_D1_1107505 play=00:03:23.260/00:05:43.000 success
Thu May 12 2022 00:13:34 GMT+0900 (대한민국 표준시) ccc B120130408_D1_1107505 B120130408_D1_1107505 play=00:03:34.240/00:05:43.000 success
Thu May 12 2022 00:13:44 GMT+0900 (대한민국 표준시) ccc B120130408_D1_1107505 B120130408_D1_1107505 play=00:03:45.249/00:05:43.000 success
Thu May 12 2022 00:13:54 GMT+0900 (대한민국 표준시) ccc B120130408_D1_1107505 B120130408_D1_1107505 play=00:03:56.234/00:05:43.000 success
Thu May 12 2022 00:14:04 GMT+0900 (대한민국 표준시) ccc B120130408_D1_1107505 B120130408_D1_1107505 play=00:04:07.271/00:05:43.000 success
Thu May 12 2022 00:14:14 GMT+0900 (대한민국 표준시) ccc B120130408_D1_1107505 B120130408_D1_1107505 play=00:04:18.229/00:05:43.000 success
Thu May 12 2022 00:14:24 GMT+0900 (대한민국 표준시) ccc B120130408_D1_1107505 B120130408_D1_1107505 play=00:04:29.237/00:05:43.000 success
Thu May 12 2022 00:14:34 GMT+0900 (대한민국 표준시) ccc B120130408_D1_1107505 B120130408_D1_1107505 play=00:04:40.270/00:05:43.000 success
Thu May 12 2022 00:14:44 GMT+0900 (대한민국 표준시) ccc B120130408_D1_1107505 B120130408_D1_1107505 play=00:04:51.253/00:05:43.000 success
Thu May 12 2022 00:14:54 GMT+0900 (대한민국 표준시) ccc B120130408_D1_1107505 B120130408_D1_1107505 play=00:04:51.253/00:05:43.000 success
Thu May 12 2022 00:15:04 GMT+0900 (대한민국 표준시) ccc B120130408_D1_1107505 B120130408_D1_1107505 play=00:05:02.240/00:05:43.000 success
Thu May 12 2022 00:15:14 GMT+0900 (대한민국 표준시) ccc cocos_ad_60s_20210528_2mbps B120130408_D1_1107505 play=00:05:13.270/00:05:43.000 error
Thu May 12 2022 00:15:24 GMT+0900 (대한민국 표준시) ccc cocos_ad_60s_20210528_2mbps B120130408_D1_1107505 play=00:05:24.256/00:05:43.000 error
Thu May 12 2022 00:15:24 GMT+0900 (대한민국 표준시) ccc cocos_ad_60s_20210528_2mbps B120130408_D1_1107505 fail
Thu May 12 2022 00:15:34 GMT+0900 (대한민국 표준시) ccc cocos_ad_60s_20210528_2mbps B120130408_D1_1107505 play=00:05:35.242/00:05:43.000 error
Thu May 12 2022 00:15:44 GMT+0900 (대한민국 표준시) ccc cocos_ad_60s_20210528_2mbps cocos_ad_60s_20210528_2mbps play=00:00:03.498/00:01:00.166 success
Thu May 12 2022 00:15:54 GMT+0900 (대한민국 표준시) ccc cocos_ad_60s_20210528_2mbps cocos_ad_60s_20210528_2mbps play=00:00:14.528/00:01:00.166 success
Thu May 12 2022 00:16:04 GMT+0900 (대한민국 표준시) ccc cocos_ad_60s_20210528_2mbps cocos_ad_60s_20210528_2mbps play=00:00:25.493/00:01:00.166 success
Thu May 12 2022 00:16:14 GMT+0900 (대한민국 표준시) ccc B120130408_D1_1107505 cocos_ad_60s_20210528_2mbps play=00:00:36.479/00:01:00.166 error
Thu May 12 2022 00:16:24 GMT+0900 (대한민국 표준시) ccc B120130408_D1_1107505 cocos_ad_60s_20210528_2mbps play=00:00:47.487/00:01:00.166 error
Thu May 12 2022 00:16:24 GMT+0900 (대한민국 표준시) ccc B120130408_D1_1107505 cocos_ad_60s_20210528_2mbps fail
Thu May 12 2022 00:16:34 GMT+0900 (대한민국 표준시) ccc B120130408_D1_1107505 cocos_ad_60s_20210528_2mbps play=00:00:58.495/00:01:00.166 error
Thu May 12 2022 00:16:44 GMT+0900 (대한민국 표준시) ccc B120130408_D1_1107505 cocos_ad_60s_20210528_2mbps play=00:00:58.495/00:01:00.166 error
Thu May 12 2022 00:16:44 GMT+0900 (대한민국 표준시) ccc B120130408_D1_1107505 cocos_ad_60s_20210528_2mbps fail
Thu May 12 2022 00:16:54 GMT+0900 (대한민국 표준시) ccc B120130408_D1_1107505 B120130408_D1_1107505 play=00:00:09.076/00:04:29.000 success
Thu May 12 2022 00:17:04 GMT+0900 (대한민국 표준시) ccc B120130408_D1_1107505 B120130408_D1_1107505 play=00:00:20.061/00:04:29.000 success
Thu May 12 2022 00:17:14 GMT+0900 (대한민국 표준시) ccc B120130408_D1_1107505 B120130408_D1_1107505 play=00:00:31.069/00:04:29.000 success
Thu May 12 2022 00:17:24 GMT+0900 (대한민국 표준시) ccc B120130408_D1_1107505 B120130408_D1_1107505 play=00:00:42.098/00:04:29.000 success
Thu May 12 2022 00:17:34 GMT+0900 (대한민국 표준시) ccc B120130408_D1_1107505 B120130408_D1_1107505 play=00:00:53.106/00:04:29.000 success
Thu May 12 2022 00:17:44 GMT+0900 (대한민국 표준시) ccc B120130408_D1_1107505 B120130408_D1_1107505 play=00:01:04.093/00:04:29.000 success
Thu May 12 2022 00:17:54 GMT+0900 (대한민국 표준시) ccc B120130408_D1_1107505 B120130408_D1_1107505 play=00:01:15.101/00:04:29.000 success
Thu May 12 2022 00:18:04 GMT+0900 (대한민국 표준시) ccc B120130408_D1_1107505 B120130408_D1_1107505 play=00:01:26.088/00:04:29.000 success
Thu May 12 2022 00:18:14 GMT+0900 (대한민국 표준시) ccc B120130408_D1_1107505 B120130408_D1_1107505 play=00:01:37.074/00:04:29.000 success
Thu May 12 2022 00:18:24 GMT+0900 (대한민국 표준시) ccc B120130408_D1_1107505 B120130408_D1_1107505 play=00:01:48.082/00:04:29.000 success
Thu May 12 2022 00:18:34 GMT+0900 (대한민국 표준시) ccc B120130408_D1_1107505 B120130408_D1_1107505 play=00:01:48.082/00:04:29.000 success
Thu May 12 2022 00:18:44 GMT+0900 (대한민국 표준시) ccc B120130408_D1_1107505 B120130408_D1_1107505 play=00:01:59.069/00:04:29.000 success
Thu May 12 2022 00:18:54 GMT+0900 (대한민국 표준시) ccc B120130408_D1_1107505 B120130408_D1_1107505 play=00:02:10.098/00:04:29.000 success
Thu May 12 2022 00:19:04 GMT+0900 (대한민국 표준시) ccc B120130408_D1_1107505 B120130408_D1_1107505 play=00:02:21.085/00:04:29.000 success
Thu May 12 2022 00:19:14 GMT+0900 (대한민국 표준시) ccc B120130408_D1_1107505 B120130408_D1_1107505 play=00:02:32.072/00:04:29.000 success
Thu May 12 2022 00:19:24 GMT+0900 (대한민국 표준시) ccc B120130408_D1_1107505 B120130408_D1_1107505 play=00:02:43.063/00:04:29.000 success
Thu May 12 2022 00:19:34 GMT+0900 (대한민국 표준시) ccc B120130408_D1_1107505 B120130408_D1_1107505 play=00:02:54.074/00:04:29.000 success
Thu May 12 2022 00:19:44 GMT+0900 (대한민국 표준시) ccc B120130408_D1_1107505 B120130408_D1_1107505 play=00:03:05.096/00:04:29.000 success
Thu May 12 2022 00:19:54 GMT+0900 (대한민국 표준시) ccc B120130408_D1_1107505 B120130408_D1_1107505 play=00:03:16.063/00:04:29.000 success
Thu May 12 2022 00:20:04 GMT+0900 (대한민국 표준시) ccc B120130408_D1_1107505 B120130408_D1_1107505 play=00:03:27.074/00:04:29.000 success
Thu May 12 2022 00:20:14 GMT+0900 (대한민국 표준시) ccc B120130408_D1_1107505 B120130408_D1_1107505 play=00:03:38.098/00:04:29.000 success
Thu May 12 2022 00:20:24 GMT+0900 (대한민국 표준시) ccc B120130408_D1_1107505 B120130408_D1_1107505 play=00:03:38.098/00:04:29.000 success
Thu May 12 2022 00:20:34 GMT+0900 (대한민국 표준시) ccc B120130408_D1_1107505 B120130408_D1_1107505 play=00:03:49.096/00:04:29.000 success
Thu May 12 2022 00:20:44 GMT+0900 (대한민국 표준시) ccc cocos_ad_60s_20210528_2mbps B120130408_D1_1107505 play=00:04:00.093/00:04:29.000 error
Thu May 12 2022 00:20:54 GMT+0900 (대한민국 표준시) ccc cocos_ad_60s_20210528_2mbps B120130408_D1_1107505 play=00:04:11.080/00:04:29.000 error
Thu May 12 2022 00:20:54 GMT+0900 (대한민국 표준시) ccc cocos_ad_60s_20210528_2mbps B120130408_D1_1107505 fail
Thu May 12 2022 00:21:04 GMT+0900 (대한민국 표준시) ccc cocos_ad_60s_20210528_2mbps B120130408_D1_1107505 play=00:04:22.066/00:04:29.000 error
Thu May 12 2022 00:21:14 GMT+0900 (대한민국 표준시) ccc cocos_ad_60s_20210528_2mbps cocos_ad_60s_20210528_2mbps play=00:00:05.013/00:01:00.166 success
Thu May 12 2022 00:21:24 GMT+0900 (대한민국 표준시) ccc cocos_ad_60s_20210528_2mbps cocos_ad_60s_20210528_2mbps play=00:00:16.021/00:01:00.166 success
Thu May 12 2022 00:21:34 GMT+0900 (대한민국 표준시) ccc cocos_ad_60s_20210528_2mbps cocos_ad_60s_20210528_2mbps play=00:00:27.029/00:01:00.166 success
Thu May 12 2022 00:21:44 GMT+0900 (대한민국 표준시) ccc B120130408_D1_1107505 cocos_ad_60s_20210528_2mbps play=00:00:38.058/00:01:00.166 error
Thu May 12 2022 00:21:54 GMT+0900 (대한민국 표준시) ccc B120130408_D1_1107505 cocos_ad_60s_20210528_2mbps play=00:00:49.066/00:01:00.166 error
Thu May 12 2022 00:21:54 GMT+0900 (대한민국 표준시) ccc B120130408_D1_1107505 cocos_ad_60s_20210528_2mbps fail
Thu May 12 2022 00:22:04 GMT+0900 (대한민국 표준시) ccc B120130408_D1_1107505 cocos_ad_60s_20210528_2mbps play=00:01:00.074/00:01:00.166 error
Thu May 12 2022 00:22:14 GMT+0900 (대한민국 표준시) ccc B120130408_D1_1107505 cocos_ad_60s_20210528_2mbps play=00:01:00.074/00:01:00.166 error
Thu May 12 2022 00:22:14 GMT+0900 (대한민국 표준시) ccc B120130408_D1_1107505 cocos_ad_60s_20210528_2mbps fail
Thu May 12 2022 00:22:24 GMT+0900 (대한민국 표준시) ccc B120130408_D1_1107505 B120130408_D1_1107505 play=00:00:09.898/00:15:50.000 success
Thu May 12 2022 00:22:34 GMT+0900 (대한민국 표준시) ccc B120130408_D1_1107505 B120130408_D1_1107505 play=00:00:20.885/00:15:50.000 success
Thu May 12 2022 00:22:44 GMT+0900 (대한민국 표준시) ccc B120130408_D1_1107505 B120130408_D1_1107505 play=00:00:31.872/00:15:50.000 success
Thu May 12 2022 00:22:54 GMT+0900 (대한민국 표준시) ccc B120130408_D1_1107505 B120130408_D1_1107505 play=00:00:42.901/00:15:50.000 success
Thu May 12 2022 00:23:04 GMT+0900 (대한민국 표준시) ccc B120130408_D1_1107505 B120130408_D1_1107505 play=00:00:53.866/00:15:50.000 success
Thu May 12 2022 00:23:14 GMT+0900 (대한민국 표준시) ccc B120130408_D1_1107505 B120130408_D1_1107505 play=00:01:04.874/00:15:50.000 success
Thu May 12 2022 00:23:24 GMT+0900 (대한민국 표준시) ccc B120130408_D1_1107505 B120130408_D1_1107505 play=00:01:15.904/00:15:50.000 success
Thu May 12 2022 00:23:34 GMT+0900 (대한민국 표준시) ccc B120130408_D1_1107505 B120130408_D1_1107505 play=00:01:26.869/00:15:50.000 success
Thu May 12 2022 00:23:44 GMT+0900 (대한민국 표준시) ccc B120130408_D1_1107505 B120130408_D1_1107505 play=00:01:37.877/00:15:50.000 success
Thu May 12 2022 00:23:54 GMT+0900 (대한민국 표준시) ccc B120130408_D1_1107505 B120130408_D1_1107505 play=00:01:48.885/00:15:50.000 success
Thu May 12 2022 00:24:04 GMT+0900 (대한민국 표준시) ccc B120130408_D1_1107505 B120130408_D1_1107505 play=00:01:48.885/00:15:50.000 success
Thu May 12 2022 00:24:14 GMT+0900 (대한민국 표준시) ccc B120130408_D1_1107505 B120130408_D1_1107505 play=00:01:59.893/00:15:50.000 success
Thu May 12 2022 00:24:24 GMT+0900 (대한민국 표준시) ccc B120130408_D1_1107505 B120130408_D1_1107505 play=00:02:10.901/00:15:50.000 success
Thu May 12 2022 00:24:34 GMT+0900 (대한민국 표준시) ccc B120130408_D1_1107505 B120130408_D1_1107505 play=00:02:21.877/00:15:50.000 success
Thu May 12 2022 00:24:44 GMT+0900 (대한민국 표준시) ccc B120130408_D1_1107505 B120130408_D1_1107505 play=00:02:32.896/00:15:50.000 success
Thu May 12 2022 00:24:54 GMT+0900 (대한민국 표준시) ccc B120130408_D1_1107505 B120130408_D1_1107505 play=00:02:43.866/00:15:50.000 success
Thu May 12 2022 00:25:04 GMT+0900 (대한민국 표준시) ccc B120130408_D1_1107505 B120130408_D1_1107505 play=00:02:54.910/00:15:50.000 success
Thu May 12 2022 00:25:14 GMT+0900 (대한민국 표준시) ccc B120130408_D1_1107505 B120130408_D1_1107505 play=00:03:05.877/00:15:50.000 success
Thu May 12 2022 00:25:24 GMT+0900 (대한민국 표준시) ccc B120130408_D1_1107505 B120130408_D1_1107505 play=00:03:16.885/00:15:50.000 success
Thu May 12 2022 00:25:34 GMT+0900 (대한민국 표준시) ccc B120130408_D1_1107505 B120130408_D1_1107505 play=00:03:27.893/00:15:50.000 success
Thu May 12 2022 00:25:44 GMT+0900 (대한민국 표준시) ccc B120130408_D1_1107505 B120130408_D1_1107505 play=00:03:38.888/00:15:50.000 success
Thu May 12 2022 00:25:54 GMT+0900 (대한민국 표준시) ccc B120130408_D1_1107505 B120130408_D1_1107505 play=00:03:38.888/00:15:50.000 success
Thu May 12 2022 00:26:04 GMT+0900 (대한민국 표준시) ccc B120130408_D1_1107505 B120130408_D1_1107505 play=00:03:49.899/00:15:50.000 success
Thu May 12 2022 00:26:14 GMT+0900 (대한민국 표준시) ccc B120130408_D1_1107505 B120130408_D1_1107505 play=00:04:00.876/00:15:50.000 success
Thu May 12 2022 00:26:24 GMT+0900 (대한민국 표준시) ccc B120130408_D1_1107505 B120130408_D1_1107505 play=00:04:11.861/00:15:50.000 success
Thu May 12 2022 00:26:34 GMT+0900 (대한민국 표준시) ccc B120130408_D1_1107505 B120130408_D1_1107505 play=00:04:22.898/00:15:50.000 success
Thu May 12 2022 00:26:44 GMT+0900 (대한민국 표준시) ccc B120130408_D1_1107505 B120130408_D1_1107505 play=00:04:33.898/00:15:50.000 success
Thu May 12 2022 00:26:54 GMT+0900 (대한민국 표준시) ccc B120130408_D1_1107505 B120130408_D1_1107505 play=00:04:44.906/00:15:50.000 success
Thu May 12 2022 00:27:04 GMT+0900 (대한민국 표준시) ccc B120130408_D1_1107505 B120130408_D1_1107505 play=00:04:55.872/00:15:50.000 success
Thu May 12 2022 00:27:14 GMT+0900 (대한민국 표준시) ccc B120130408_D1_1107505 B120130408_D1_1107505 play=00:05:06.901/00:15:50.000 success
Thu May 12 2022 00:27:24 GMT+0900 (대한민국 표준시) ccc B120130408_D1_1107505 B120130408_D1_1107505 play=00:05:17.888/00:15:50.000 success
Thu May 12 2022 00:27:34 GMT+0900 (대한민국 표준시) ccc B120130408_D1_1107505 B120130408_D1_1107505 play=00:05:28.898/00:15:50.000 success
Thu May 12 2022 00:27:44 GMT+0900 (대한민국 표준시) ccc B120130408_D1_1107505 B120130408_D1_1107505 play=00:05:28.898/00:15:50.000 success
Thu May 12 2022 00:27:54 GMT+0900 (대한민국 표준시) ccc B120130408_D1_1107505 B120130408_D1_1107505 play=00:05:39.882/00:15:50.000 success
Thu May 12 2022 00:28:04 GMT+0900 (대한민국 표준시) ccc B120130408_D1_1107505 B120130408_D1_1107505 play=00:05:50.869/00:15:50.000 success
Thu May 12 2022 00:28:14 GMT+0900 (대한민국 표준시) ccc B120130408_D1_1107505 B120130408_D1_1107505 play=00:06:01.877/00:15:50.000 success
Thu May 12 2022 00:28:24 GMT+0900 (대한민국 표준시) ccc B120130408_D1_1107505 B120130408_D1_1107505 play=00:06:12.885/00:15:50.000 success
Thu May 12 2022 00:28:34 GMT+0900 (대한민국 표준시) ccc B120130408_D1_1107505 B120130408_D1_1107505 play=00:06:23.886/00:15:50.000 success
Thu May 12 2022 00:28:44 GMT+0900 (대한민국 표준시) ccc B120130408_D1_1107505 B120130408_D1_1107505 play=00:06:34.901/00:15:50.000 success
Thu May 12 2022 00:28:54 GMT+0900 (대한민국 표준시) ccc B120130408_D1_1107505 B120130408_D1_1107505 play=00:06:45.888/00:15:50.000 success
Thu May 12 2022 00:29:04 GMT+0900 (대한민국 표준시) ccc B120130408_D1_1107505 B120130408_D1_1107505 play=00:06:56.896/00:15:50.000 success
Thu May 12 2022 00:29:14 GMT+0900 (대한민국 표준시) ccc B120130408_D1_1107505 B120130408_D1_1107505 play=00:07:07.882/00:15:50.000 success
Thu May 12 2022 00:29:24 GMT+0900 (대한민국 표준시) ccc B120130408_D1_1107505 B120130408_D1_1107505 play=00:07:18.874/00:15:50.000 success
Thu May 12 2022 00:29:34 GMT+0900 (대한민국 표준시) ccc B120130408_D1_1107505 B120130408_D1_1107505 play=00:07:18.874/00:15:50.000 success
Thu May 12 2022 00:29:44 GMT+0900 (대한민국 표준시) ccc B120130408_D1_1107505 B120130408_D1_1107505 play=00:07:29.877/00:15:50.000 success
Thu May 12 2022 00:29:54 GMT+0900 (대한민국 표준시) ccc B120130408_D1_1107505 B120130408_D1_1107505 play=00:07:40.885/00:15:50.000 success
Thu May 12 2022 00:30:04 GMT+0900 (대한민국 표준시) ccc B120130408_D1_1107505 B120130408_D1_1107505 play=00:07:51.893/00:15:50.000 success
Thu May 12 2022 00:30:14 GMT+0900 (대한민국 표준시) ccc B120130408_D1_1107505 B120130408_D1_1107505 play=00:08:02.885/00:15:50.000 success
Thu May 12 2022 00:30:24 GMT+0900 (대한민국 표준시) ccc B120130408_D1_1107505 B120130408_D1_1107505 play=00:08:13.888/00:15:50.000 success
Thu May 12 2022 00:30:34 GMT+0900 (대한민국 표준시) ccc B120130408_D1_1107505 B120130408_D1_1107505 play=00:08:24.874/00:15:50.000 success
Thu May 12 2022 00:30:44 GMT+0900 (대한민국 표준시) ccc B120130408_D1_1107505 B120130408_D1_1107505 play=00:08:35.885/00:15:50.000 success
Thu May 12 2022 00:30:54 GMT+0900 (대한민국 표준시) ccc B120130408_D1_1107505 B120130408_D1_1107505 play=00:08:46.869/00:15:50.000 success
Thu May 12 2022 00:31:04 GMT+0900 (대한민국 표준시) ccc B120130408_D1_1107505 B120130408_D1_1107505 play=00:08:57.877/00:15:50.000 success
Thu May 12 2022 00:31:14 GMT+0900 (대한민국 표준시) ccc B120130408_D1_1107505 B120130408_D1_1107505 play=00:09:08.906/00:15:50.000 success
Thu May 12 2022 00:31:24 GMT+0900 (대한민국 표준시) ccc B120130408_D1_1107505 B120130408_D1_1107505 play=00:09:08.906/00:15:50.000 success
Thu May 12 2022 00:31:34 GMT+0900 (대한민국 표준시) ccc B120130408_D1_1107505 B120130408_D1_1107505 play=00:09:19.895/00:15:50.000 success
Thu May 12 2022 00:31:44 GMT+0900 (대한민국 표준시) ccc B120130408_D1_1107505 B120130408_D1_1107505 play=00:09:30.880/00:15:50.000 success
Thu May 12 2022 00:31:54 GMT+0900 (대한민국 표준시) ccc B120130408_D1_1107505 B120130408_D1_1107505 play=00:09:41.909/00:15:50.000 success
Thu May 12 2022 00:32:04 GMT+0900 (대한민국 표준시) ccc B120130408_D1_1107505 B120130408_D1_1107505 play=00:09:52.874/00:15:50.000 success
Thu May 12 2022 00:32:14 GMT+0900 (대한민국 표준시) ccc B120130408_D1_1107505 B120130408_D1_1107505 play=00:10:03.882/00:15:50.000 success
Thu May 12 2022 00:32:24 GMT+0900 (대한민국 표준시) ccc B120130408_D1_1107505 B120130408_D1_1107505 play=00:10:14.890/00:15:50.000 success
Thu May 12 2022 00:32:34 GMT+0900 (대한민국 표준시) ccc B120130408_D1_1107505 B120130408_D1_1107505 play=00:10:25.877/00:15:50.000 success
Thu May 12 2022 00:32:44 GMT+0900 (대한민국 표준시) ccc B120130408_D1_1107505 B120130408_D1_1107505 play=00:10:36.872/00:15:50.000 success
Thu May 12 2022 00:32:54 GMT+0900 (대한민국 표준시) ccc B120130408_D1_1107505 B120130408_D1_1107505 play=00:10:47.883/00:15:50.000 success
Thu May 12 2022 00:33:04 GMT+0900 (대한민국 표준시) ccc B120130408_D1_1107505 B120130408_D1_1107505 play=00:10:58.901/00:15:50.000 success
Thu May 12 2022 00:33:14 GMT+0900 (대한민국 표준시) ccc B120130408_D1_1107505 B120130408_D1_1107505 play=00:10:58.901/00:15:50.000 success
Thu May 12 2022 00:33:24 GMT+0900 (대한민국 표준시) ccc B120130408_D1_1107505 B120130408_D1_1107505 play=00:11:09.872/00:15:50.000 success
Thu May 12 2022 00:33:34 GMT+0900 (대한민국 표준시) ccc B120130408_D1_1107505 B120130408_D1_1107505 play=00:11:20.874/00:15:50.000 success
Thu May 12 2022 00:33:44 GMT+0900 (대한민국 표준시) ccc B120130408_D1_1107505 B120130408_D1_1107505 play=00:11:31.861/00:15:50.000 success
Thu May 12 2022 00:33:54 GMT+0900 (대한민국 표준시) ccc B120130408_D1_1107505 B120130408_D1_1107505 play=00:11:42.890/00:15:50.000 success
Thu May 12 2022 00:34:04 GMT+0900 (대한민국 표준시) ccc B120130408_D1_1107505 B120130408_D1_1107505 play=00:11:53.898/00:15:50.000 success
Thu May 12 2022 00:34:14 GMT+0900 (대한민국 표준시) ccc B120130408_D1_1107505 B120130408_D1_1107505 play=00:12:04.885/00:15:50.000 success
Thu May 12 2022 00:34:24 GMT+0900 (대한민국 표준시) ccc B120130408_D1_1107505 B120130408_D1_1107505 play=00:12:15.893/00:15:50.000 success
Thu May 12 2022 00:34:34 GMT+0900 (대한민국 표준시) ccc B120130408_D1_1107505 B120130408_D1_1107505 play=00:12:26.880/00:15:50.000 success
Thu May 12 2022 00:34:44 GMT+0900 (대한민국 표준시) ccc B120130408_D1_1107505 B120130408_D1_1107505 play=00:12:37.893/00:15:50.000 success
Thu May 12 2022 00:34:54 GMT+0900 (대한민국 표준시) ccc B120130408_D1_1107505 B120130408_D1_1107505 play=00:12:48.874/00:15:50.000 success
Thu May 12 2022 00:35:04 GMT+0900 (대한민국 표준시) ccc B120130408_D1_1107505 B120130408_D1_1107505 play=00:12:48.874/00:15:50.000 success
Thu May 12 2022 00:35:14 GMT+0900 (대한민국 표준시) ccc B120130408_D1_1107505 B120130408_D1_1107505 play=00:12:59.904/00:15:50.000 success
Thu May 12 2022 00:35:24 GMT+0900 (대한민국 표준시) ccc B120130408_D1_1107505 B120130408_D1_1107505 play=00:13:10.893/00:15:50.000 success
Thu May 12 2022 00:35:34 GMT+0900 (대한민국 표준시) ccc B120130408_D1_1107505 B120130408_D1_1107505 play=00:13:21.877/00:15:50.000 success
Thu May 12 2022 00:35:44 GMT+0900 (대한민국 표준시) ccc B120130408_D1_1107505 B120130408_D1_1107505 play=00:13:32.885/00:15:50.000 success
Thu May 12 2022 00:35:54 GMT+0900 (대한민국 표준시) ccc B120130408_D1_1107505 B120130408_D1_1107505 play=00:13:43.872/00:15:50.000 success
Thu May 12 2022 00:36:04 GMT+0900 (대한민국 표준시) ccc B120130408_D1_1107505 B120130408_D1_1107505 play=00:13:54.904/00:15:50.000 success
Thu May 12 2022 00:36:14 GMT+0900 (대한민국 표준시) ccc B120130408_D1_1107505 B120130408_D1_1107505 play=00:14:05.888/00:15:50.000 success
Thu May 12 2022 00:36:24 GMT+0900 (대한민국 표준시) ccc B120130408_D1_1107505 B120130408_D1_1107505 play=00:14:16.874/00:15:50.000 success
Thu May 12 2022 00:36:34 GMT+0900 (대한민국 표준시) ccc B120130408_D1_1107505 B120130408_D1_1107505 play=00:14:27.882/00:15:50.000 success
Thu May 12 2022 00:36:44 GMT+0900 (대한민국 표준시) ccc B120130408_D1_1107505 B120130408_D1_1107505 play=00:14:38.890/00:15:50.000 success
Thu May 12 2022 00:36:54 GMT+0900 (대한민국 표준시) ccc B120130408_D1_1107505 B120130408_D1_1107505 play=00:14:38.890/00:15:50.000 success
Thu May 12 2022 00:37:04 GMT+0900 (대한민국 표준시) ccc B120130408_D1_1107505 B120130408_D1_1107505 play=00:14:49.920/00:15:50.000 success
Thu May 12 2022 00:37:14 GMT+0900 (대한민국 표준시) ccc B120130408_D1_1107505 B120130408_D1_1107505 play=00:15:00.870/00:15:50.000 success
Thu May 12 2022 00:37:24 GMT+0900 (대한민국 표준시) ccc B120130408_D1_1107505 B120130408_D1_1107505 play=00:15:11.881/00:15:50.000 success
Thu May 12 2022 00:37:34 GMT+0900 (대한민국 표준시) ccc B120130408_D2_1107511 B120130408_D1_1107505 play=00:15:22.901/00:15:50.000 error
Thu May 12 2022 00:37:44 GMT+0900 (대한민국 표준시) ccc B120130408_D2_1107511 B120130408_D1_1107505 play=00:15:33.866/00:15:50.000 error
Thu May 12 2022 00:37:44 GMT+0900 (대한민국 표준시) ccc B120130408_D2_1107511 B120130408_D1_1107505 fail
Thu May 12 2022 00:37:54 GMT+0900 (대한민국 표준시) ccc B120130408_D2_1107511 B120130408_D1_1107505 play=00:15:44.874/00:15:50.000 error
Thu May 12 2022 00:38:04 GMT+0900 (대한민국 표준시) ccc B120130408_D2_1107511 B120130408_D2_1107511 play=00:00:02.837/00:04:32.000 success
Thu May 12 2022 00:38:14 GMT+0900 (대한민국 표준시) ccc B120130408_D2_1107511 B120130408_D2_1107511 play=00:00:13.824/00:04:32.000 success
Thu May 12 2022 00:38:24 GMT+0900 (대한민국 표준시) ccc B120130408_D2_1107511 B120130408_D2_1107511 play=00:00:24.810/00:04:32.000 success
Thu May 12 2022 00:38:34 GMT+0900 (대한민국 표준시) ccc B120130408_D2_1107511 B120130408_D2_1107511 play=00:00:35.840/00:04:32.000 success
Thu May 12 2022 00:38:44 GMT+0900 (대한민국 표준시) ccc B120130408_D2_1107511 B120130408_D2_1107511 play=00:00:35.840/00:04:32.000 success
Thu May 12 2022 00:38:54 GMT+0900 (대한민국 표준시) ccc B120130408_D2_1107511 B120130408_D2_1107511 play=00:00:46.826/00:04:32.000 success
Thu May 12 2022 00:39:04 GMT+0900 (대한민국 표준시) ccc B120130408_D2_1107511 B120130408_D2_1107511 play=00:00:57.813/00:04:32.000 success
Thu May 12 2022 00:39:14 GMT+0900 (대한민국 표준시) ccc B120130408_D2_1107511 B120130408_D2_1107511 play=00:01:08.821/00:04:32.000 success
Thu May 12 2022 00:39:24 GMT+0900 (대한민국 표준시) ccc B120130408_D2_1107511 B120130408_D2_1107511 play=00:01:19.829/00:04:32.000 success
Thu May 12 2022 00:39:34 GMT+0900 (대한민국 표준시) ccc B120130408_D2_1107511 B120130408_D2_1107511 play=00:01:30.824/00:04:32.000 success
Thu May 12 2022 00:39:44 GMT+0900 (대한민국 표준시) ccc B120130408_D2_1107511 B120130408_D2_1107511 play=00:01:41.824/00:04:32.000 success
Thu May 12 2022 00:39:54 GMT+0900 (대한민국 표준시) ccc B120130408_D2_1107511 B120130408_D2_1107511 play=00:01:52.832/00:04:32.000 success
Thu May 12 2022 00:40:04 GMT+0900 (대한민국 표준시) ccc B120130408_D2_1107511 B120130408_D2_1107511 play=00:02:03.823/00:04:32.000 success
Thu May 12 2022 00:40:14 GMT+0900 (대한민국 표준시) ccc B120130408_D2_1107511 B120130408_D2_1107511 play=00:02:14.848/00:04:32.000 success
Thu May 12 2022 00:40:24 GMT+0900 (대한민국 표준시) ccc B120130408_D2_1107511 B120130408_D2_1107511 play=00:02:25.845/00:04:32.000 success
Thu May 12 2022 00:40:34 GMT+0900 (대한민국 표준시) ccc B120130408_D2_1107511 B120130408_D2_1107511 play=00:02:25.845/00:04:32.000 success
Thu May 12 2022 00:40:44 GMT+0900 (대한민국 표준시) ccc B120130408_D2_1107511 B120130408_D2_1107511 play=00:02:36.800/00:04:32.000 success
Thu May 12 2022 00:40:54 GMT+0900 (대한민국 표준시) ccc B120130408_D2_1107511 B120130408_D2_1107511 play=00:02:47.808/00:04:32.000 success
Thu May 12 2022 00:41:04 GMT+0900 (대한민국 표준시) ccc B120130408_D2_1107511 B120130408_D2_1107511 play=00:02:58.816/00:04:32.000 success
Thu May 12 2022 00:41:14 GMT+0900 (대한민국 표준시) ccc B120130408_D2_1107511 B120130408_D2_1107511 play=00:03:09.824/00:04:32.000 success
Thu May 12 2022 00:41:24 GMT+0900 (대한민국 표준시) ccc B120130408_D2_1107511 B120130408_D2_1107511 play=00:03:20.834/00:04:32.000 success
Thu May 12 2022 00:41:34 GMT+0900 (대한민국 표준시) ccc B120130408_D2_1107511 B120130408_D2_1107511 play=00:03:31.818/00:04:32.000 success
Thu May 12 2022 00:41:44 GMT+0900 (대한민국 표준시) ccc B120130408_D2_1107511 B120130408_D2_1107511 play=00:03:42.826/00:04:32.000 success
Thu May 12 2022 00:41:54 GMT+0900 (대한민국 표준시) ccc B120130408_D2_1107511 B120130408_D2_1107511 play=00:03:53.813/00:04:32.000 success
Thu May 12 2022 00:42:04 GMT+0900 (대한민국 표준시) ccc cocos_ad_60s_20210528_2mbps B120130408_D2_1107511 play=00:04:04.821/00:04:32.000 error
Thu May 12 2022 00:42:14 GMT+0900 (대한민국 표준시) ccc cocos_ad_60s_20210528_2mbps B120130408_D2_1107511 play=00:04:15.829/00:04:32.000 error
Thu May 12 2022 00:42:14 GMT+0900 (대한민국 표준시) ccc cocos_ad_60s_20210528_2mbps B120130408_D2_1107511 fail
Thu May 12 2022 00:42:24 GMT+0900 (대한민국 표준시) ccc cocos_ad_60s_20210528_2mbps B120130408_D2_1107511 play=00:04:15.829/00:04:32.000 error
Thu May 12 2022 00:42:34 GMT+0900 (대한민국 표준시) ccc cocos_ad_60s_20210528_2mbps B120130408_D2_1107511 play=00:04:26.837/00:04:32.000 error
Thu May 12 2022 00:42:34 GMT+0900 (대한민국 표준시) ccc cocos_ad_60s_20210528_2mbps B120130408_D2_1107511 fail
Thu May 12 2022 00:42:44 GMT+0900 (대한민국 표준시) ccc cocos_ad_60s_20210528_2mbps cocos_ad_60s_20210528_2mbps play=00:00:07.488/00:01:00.166 success
Thu May 12 2022 00:42:54 GMT+0900 (대한민국 표준시) ccc cocos_ad_60s_20210528_2mbps cocos_ad_60s_20210528_2mbps play=00:00:18.496/00:01:00.166 success
Thu May 12 2022 00:43:04 GMT+0900 (대한민국 표준시) ccc B120130408_D2_1107511 cocos_ad_60s_20210528_2mbps play=00:00:29.482/00:01:00.166 error
Thu May 12 2022 00:43:14 GMT+0900 (대한민국 표준시) ccc B120130408_D2_1107511 cocos_ad_60s_20210528_2mbps play=00:00:40.490/00:01:00.166 error
Thu May 12 2022 00:43:14 GMT+0900 (대한민국 표준시) ccc B120130408_D2_1107511 cocos_ad_60s_20210528_2mbps fail
Thu May 12 2022 00:43:24 GMT+0900 (대한민국 표준시) ccc B120130408_D2_1107511 cocos_ad_60s_20210528_2mbps play=00:00:51.498/00:01:00.166 error
Thu May 12 2022 00:43:34 GMT+0900 (대한민국 표준시) ccc B120130408_D2_1107511 B120130408_D2_1107511 play=00:00:00.661/00:15:12.000 success
Thu May 12 2022 00:43:44 GMT+0900 (대한민국 표준시) ccc B120130408_D2_1107511 B120130408_D2_1107511 play=00:00:11.690/00:15:12.000 success
Thu May 12 2022 00:43:54 GMT+0900 (대한민국 표준시) ccc B120130408_D2_1107511 B120130408_D2_1107511 play=00:00:22.661/00:15:12.000 success
Thu May 12 2022 00:44:04 GMT+0900 (대한민국 표준시) ccc B120130408_D2_1107511 B120130408_D2_1107511 play=00:00:33.664/00:15:12.000 success
Thu May 12 2022 00:44:14 GMT+0900 (대한민국 표준시) ccc B120130408_D2_1107511 B120130408_D2_1107511 play=00:00:33.664/00:15:12.000 success
Thu May 12 2022 00:44:24 GMT+0900 (대한민국 표준시) ccc B120130408_D2_1107511 B120130408_D2_1107511 play=00:00:44.650/00:15:12.000 success
Thu May 12 2022 00:44:34 GMT+0900 (대한민국 표준시) ccc B120130408_D2_1107511 B120130408_D2_1107511 play=00:00:55.680/00:15:12.000 success
Thu May 12 2022 00:44:44 GMT+0900 (대한민국 표준시) ccc B120130408_D2_1107511 B120130408_D2_1107511 play=00:01:06.672/00:15:12.000 success
Thu May 12 2022 00:44:54 GMT+0900 (대한민국 표준시) ccc B120130408_D2_1107511 B120130408_D2_1107511 play=00:01:17.683/00:15:12.000 success
Thu May 12 2022 00:45:04 GMT+0900 (대한민국 표준시) ccc B120130408_D2_1107511 B120130408_D2_1107511 play=00:01:28.682/00:15:12.000 success
Thu May 12 2022 00:45:14 GMT+0900 (대한민국 표준시) ccc B120130408_D2_1107511 B120130408_D2_1107511 play=00:01:39.690/00:15:12.000 success
Thu May 12 2022 00:45:24 GMT+0900 (대한민국 표준시) ccc B120130408_D2_1107511 B120130408_D2_1107511 play=00:01:50.677/00:15:12.000 success
Thu May 12 2022 00:45:34 GMT+0900 (대한민국 표준시) ccc B120130408_D2_1107511 B120130408_D2_1107511 play=00:02:01.685/00:15:12.000 success
Thu May 12 2022 00:45:44 GMT+0900 (대한민국 표준시) ccc B120130408_D2_1107511 B120130408_D2_1107511 play=00:02:12.650/00:15:12.000 success
Thu May 12 2022 00:45:54 GMT+0900 (대한민국 표준시) ccc B120130408_D2_1107511 B120130408_D2_1107511 play=00:02:23.658/00:15:12.000 success
Thu May 12 2022 00:46:04 GMT+0900 (대한민국 표준시) ccc B120130408_D2_1107511 B120130408_D2_1107511 play=00:02:23.658/00:15:12.000 success
Thu May 12 2022 00:46:14 GMT+0900 (대한민국 표준시) ccc B120130408_D2_1107511 B120130408_D2_1107511 play=00:02:34.666/00:15:12.000 success
Thu May 12 2022 00:46:24 GMT+0900 (대한민국 표준시) ccc B120130408_D2_1107511 B120130408_D2_1107511 play=00:02:45.653/00:15:12.000 success
Thu May 12 2022 00:46:34 GMT+0900 (대한민국 표준시) ccc B120130408_D2_1107511 B120130408_D2_1107511 play=00:02:56.661/00:15:12.000 success
Thu May 12 2022 00:46:44 GMT+0900 (대한민국 표준시) ccc B120130408_D2_1107511 B120130408_D2_1107511 play=00:03:07.669/00:15:12.000 success
Thu May 12 2022 00:46:54 GMT+0900 (대한민국 표준시) ccc B120130408_D2_1107511 B120130408_D2_1107511 play=00:03:18.677/00:15:12.000 success
Thu May 12 2022 00:47:04 GMT+0900 (대한민국 표준시) ccc B120130408_D2_1107511 B120130408_D2_1107511 play=00:03:29.681/00:15:12.000 success
Thu May 12 2022 00:47:14 GMT+0900 (대한민국 표준시) ccc B120130408_D2_1107511 B120130408_D2_1107511 play=00:03:40.659/00:15:12.000 success
Thu May 12 2022 00:47:24 GMT+0900 (대한민국 표준시) ccc B120130408_D2_1107511 B120130408_D2_1107511 play=00:03:51.670/00:15:12.000 success
Thu May 12 2022 00:47:34 GMT+0900 (대한민국 표준시) ccc B120130408_D2_1107511 B120130408_D2_1107511 play=00:04:02.647/00:15:12.000 success
Thu May 12 2022 00:47:44 GMT+0900 (대한민국 표준시) ccc B120130408_D2_1107511 B120130408_D2_1107511 play=00:04:13.658/00:15:12.000 success
Thu May 12 2022 00:47:54 GMT+0900 (대한민국 표준시) ccc B120130408_D2_1107511 B120130408_D2_1107511 play=00:04:13.658/00:15:12.000 success
Thu May 12 2022 00:48:04 GMT+0900 (대한민국 표준시) ccc B120130408_D2_1107511 B120130408_D2_1107511 play=00:04:24.682/00:15:12.000 success
Thu May 12 2022 00:48:14 GMT+0900 (대한민국 표준시) ccc B120130408_D2_1107511 B120130408_D2_1107511 play=00:04:35.648/00:15:12.000 success
Thu May 12 2022 00:48:24 GMT+0900 (대한민국 표준시) ccc B120130408_D2_1107511 B120130408_D2_1107511 play=00:04:46.677/00:15:12.000 success
Thu May 12 2022 00:48:34 GMT+0900 (대한민국 표준시) ccc B120130408_D2_1107511 B120130408_D2_1107511 play=00:04:57.669/00:15:12.000 success
Thu May 12 2022 00:48:44 GMT+0900 (대한민국 표준시) ccc B120130408_D2_1107511 B120130408_D2_1107511 play=00:05:08.680/00:15:12.000 success
Thu May 12 2022 00:48:54 GMT+0900 (대한민국 표준시) ccc B120130408_D2_1107511 B120130408_D2_1107511 play=00:05:19.658/00:15:12.000 success
Thu May 12 2022 00:49:04 GMT+0900 (대한민국 표준시) ccc B120130408_D2_1107511 B120130408_D2_1107511 play=00:05:30.688/00:15:12.000 success
Thu May 12 2022 00:49:14 GMT+0900 (대한민국 표준시) ccc B120130408_D2_1107511 B120130408_D2_1107511 play=00:05:41.653/00:15:12.000 success
Thu May 12 2022 00:49:24 GMT+0900 (대한민국 표준시) ccc B120130408_D2_1107511 B120130408_D2_1107511 play=00:05:52.661/00:15:12.000 success
Thu May 12 2022 00:49:34 GMT+0900 (대한민국 표준시) ccc B120130408_D2_1107511 B120130408_D2_1107511 play=00:06:03.648/00:15:12.000 success
Thu May 12 2022 00:49:44 GMT+0900 (대한민국 표준시) ccc B120130408_D2_1107511 B120130408_D2_1107511 play=00:06:03.648/00:15:12.000 success
Thu May 12 2022 00:49:54 GMT+0900 (대한민국 표준시) ccc B120130408_D2_1107511 B120130408_D2_1107511 play=00:06:14.680/00:15:12.000 success
Thu May 12 2022 00:50:04 GMT+0900 (대한민국 표준시) ccc B120130408_D2_1107511 B120130408_D2_1107511 play=00:06:25.664/00:15:12.000 success
Thu May 12 2022 00:50:14 GMT+0900 (대한민국 표준시) ccc B120130408_D2_1107511 B120130408_D2_1107511 play=00:06:36.672/00:15:12.000 success
Thu May 12 2022 00:50:24 GMT+0900 (대한민국 표준시) ccc B120130408_D2_1107511 B120130408_D2_1107511 play=00:06:47.658/00:15:12.000 success
Thu May 12 2022 00:50:34 GMT+0900 (대한민국 표준시) ccc B120130408_D2_1107511 B120130408_D2_1107511 play=00:06:58.666/00:15:12.000 success
Thu May 12 2022 00:50:44 GMT+0900 (대한민국 표준시) ccc B120130408_D2_1107511 B120130408_D2_1107511 play=00:07:09.653/00:15:12.000 success
Thu May 12 2022 00:50:54 GMT+0900 (대한민국 표준시) ccc B120130408_D2_1107511 B120130408_D2_1107511 play=00:07:20.645/00:15:12.000 success
Thu May 12 2022 00:51:04 GMT+0900 (대한민국 표준시) ccc B120130408_D2_1107511 B120130408_D2_1107511 play=00:07:31.656/00:15:12.000 success
Thu May 12 2022 00:51:14 GMT+0900 (대한민국 표준시) ccc B120130408_D2_1107511 B120130408_D2_1107511 play=00:07:42.656/00:15:12.000 success
Thu May 12 2022 00:51:24 GMT+0900 (대한민국 표준시) ccc B120130408_D2_1107511 B120130408_D2_1107511 play=00:07:53.645/00:15:12.000 success
Thu May 12 2022 00:51:34 GMT+0900 (대한민국 표준시) ccc B120130408_D2_1107511 B120130408_D2_1107511 play=00:07:53.645/00:15:12.000 success
Thu May 12 2022 00:51:44 GMT+0900 (대한민국 표준시) ccc B120130408_D2_1107511 B120130408_D2_1107511 play=00:08:04.690/00:15:12.000 success
Thu May 12 2022 00:51:54 GMT+0900 (대한민국 표준시) ccc B120130408_D2_1107511 B120130408_D2_1107511 play=00:08:15.658/00:15:12.000 success
Thu May 12 2022 00:52:04 GMT+0900 (대한민국 표준시) ccc B120130408_D2_1107511 B120130408_D2_1107511 play=00:08:26.666/00:15:12.000 success
Thu May 12 2022 00:52:14 GMT+0900 (대한민국 표준시) ccc B120130408_D2_1107511 B120130408_D2_1107511 play=00:08:37.674/00:15:12.000 success
Thu May 12 2022 00:52:24 GMT+0900 (대한민국 표준시) ccc B120130408_D2_1107511 B120130408_D2_1107511 play=00:08:48.640/00:15:12.000 success
Thu May 12 2022 00:52:34 GMT+0900 (대한민국 표준시) ccc B120130408_D2_1107511 B120130408_D2_1107511 play=00:08:59.648/00:15:12.000 success
Thu May 12 2022 00:52:44 GMT+0900 (대한민국 표준시) ccc B120130408_D2_1107511 B120130408_D2_1107511 play=00:09:10.677/00:15:12.000 success
Thu May 12 2022 00:52:54 GMT+0900 (대한민국 표준시) ccc B120130408_D2_1107511 B120130408_D2_1107511 play=00:09:21.664/00:15:12.000 success
Thu May 12 2022 00:53:04 GMT+0900 (대한민국 표준시) ccc B120130408_D2_1107511 B120130408_D2_1107511 play=00:09:32.650/00:15:12.000 success
Thu May 12 2022 00:53:14 GMT+0900 (대한민국 표준시) ccc B120130408_D2_1107511 B120130408_D2_1107511 play=00:09:43.658/00:15:12.000 success
Thu May 12 2022 00:53:24 GMT+0900 (대한민국 표준시) ccc B120130408_D2_1107511 B120130408_D2_1107511 play=00:09:43.658/00:15:12.000 success
Thu May 12 2022 00:53:34 GMT+0900 (대한민국 표준시) ccc B120130408_D2_1107511 B120130408_D2_1107511 play=00:09:54.666/00:15:12.000 success
Thu May 12 2022 00:53:44 GMT+0900 (대한민국 표준시) ccc B120130408_D2_1107511 B120130408_D2_1107511 play=00:10:05.674/00:15:12.000 success
Thu May 12 2022 00:53:54 GMT+0900 (대한민국 표준시) ccc B120130408_D2_1107511 B120130408_D2_1107511 play=00:10:16.661/00:15:12.000 success
Thu May 12 2022 00:54:04 GMT+0900 (대한민국 표준시) ccc B120130408_D2_1107511 B120130408_D2_1107511 play=00:10:27.669/00:15:12.000 success
Thu May 12 2022 00:54:14 GMT+0900 (대한민국 표준시) ccc B120130408_D2_1107511 B120130408_D2_1107511 play=00:10:38.656/00:15:12.000 success
Thu May 12 2022 00:54:24 GMT+0900 (대한민국 표준시) ccc B120130408_D2_1107511 B120130408_D2_1107511 play=00:10:49.664/00:15:12.000 success
Thu May 12 2022 00:54:34 GMT+0900 (대한민국 표준시) ccc B120130408_D2_1107511 B120130408_D2_1107511 play=00:11:00.672/00:15:12.000 success
Thu May 12 2022 00:54:44 GMT+0900 (대한민국 표준시) ccc B120130408_D2_1107511 B120130408_D2_1107511 play=00:11:11.680/00:15:12.000 success
Thu May 12 2022 00:54:54 GMT+0900 (대한민국 표준시) ccc B120130408_D2_1107511 B120130408_D2_1107511 play=00:11:22.666/00:15:12.000 success
Thu May 12 2022 00:55:04 GMT+0900 (대한민국 표준시) ccc B120130408_D2_1107511 B120130408_D2_1107511 play=00:11:33.665/00:15:12.000 success
Thu May 12 2022 00:55:14 GMT+0900 (대한민국 표준시) ccc B120130408_D2_1107511 B120130408_D2_1107511 play=00:11:33.665/00:15:12.000 success
Thu May 12 2022 00:55:24 GMT+0900 (대한민국 표준시) ccc B120130408_D2_1107511 B120130408_D2_1107511 play=00:11:44.661/00:15:12.000 success
Thu May 12 2022 00:55:34 GMT+0900 (대한민국 표준시) ccc B120130408_D2_1107511 B120130408_D2_1107511 play=00:11:55.669/00:15:12.000 success
Thu May 12 2022 00:55:44 GMT+0900 (대한민국 표준시) ccc B120130408_D2_1107511 B120130408_D2_1107511 play=00:12:06.665/00:15:12.000 success
Thu May 12 2022 00:55:54 GMT+0900 (대한민국 표준시) ccc B120130408_D2_1107511 B120130408_D2_1107511 play=00:12:17.664/00:15:12.000 success
Thu May 12 2022 00:56:04 GMT+0900 (대한민국 표준시) ccc B120130408_D2_1107511 B120130408_D2_1107511 play=00:12:28.653/00:15:12.000 success
Thu May 12 2022 00:56:14 GMT+0900 (대한민국 표준시) ccc B120130408_D2_1107511 B120130408_D2_1107511 play=00:12:39.680/00:15:12.000 success
Thu May 12 2022 00:56:24 GMT+0900 (대한민국 표준시) ccc B120130408_D2_1107511 B120130408_D2_1107511 play=00:12:50.645/00:15:12.000 success
Thu May 12 2022 00:56:34 GMT+0900 (대한민국 표준시) ccc B120130408_D2_1107511 B120130408_D2_1107511 play=00:13:01.653/00:15:12.000 success
Thu May 12 2022 00:56:44 GMT+0900 (대한민국 표준시) ccc B120130408_D2_1107511 B120130408_D2_1107511 play=00:13:12.664/00:15:12.000 success
Thu May 12 2022 00:56:54 GMT+0900 (대한민국 표준시) ccc B120130408_D2_1107511 B120130408_D2_1107511 play=00:13:23.675/00:15:12.000 success
Thu May 12 2022 00:57:04 GMT+0900 (대한민국 표준시) ccc B120130408_D2_1107511 B120130408_D2_1107511 play=00:13:23.675/00:15:12.000 success
Thu May 12 2022 00:57:14 GMT+0900 (대한민국 표준시) ccc B120130408_D2_1107511 B120130408_D2_1107511 play=00:13:34.677/00:15:12.000 success
Thu May 12 2022 00:57:24 GMT+0900 (대한민국 표준시) ccc B120130408_D2_1107511 B120130408_D2_1107511 play=00:13:45.664/00:15:12.000 success
Thu May 12 2022 00:57:34 GMT+0900 (대한민국 표준시) ccc B120130408_D2_1107511 B120130408_D2_1107511 play=00:13:56.650/00:15:12.000 success
Thu May 12 2022 00:57:44 GMT+0900 (대한민국 표준시) ccc B120130408_D2_1107511 B120130408_D2_1107511 play=00:14:07.658/00:15:12.000 success
Thu May 12 2022 00:57:54 GMT+0900 (대한민국 표준시) ccc B120130408_D2_1107511 B120130408_D2_1107511 play=00:14:18.666/00:15:12.000 success
Thu May 12 2022 00:58:04 GMT+0900 (대한민국 표준시) ccc B120130408_D2_1107511 B120130408_D2_1107511 play=00:14:29.675/00:15:12.000 success
Thu May 12 2022 00:58:14 GMT+0900 (대한민국 표준시) ccc cocos_ad_60s_20210528_2mbps B120130408_D2_1107511 play=00:14:40.682/00:15:12.000 error
Thu May 12 2022 00:58:24 GMT+0900 (대한민국 표준시) ccc cocos_ad_60s_20210528_2mbps B120130408_D2_1107511 play=00:14:51.648/00:15:12.000 error
Thu May 12 2022 00:58:24 GMT+0900 (대한민국 표준시) ccc cocos_ad_60s_20210528_2mbps B120130408_D2_1107511 fail
Thu May 12 2022 00:58:34 GMT+0900 (대한민국 표준시) ccc cocos_ad_60s_20210528_2mbps B120130408_D2_1107511 play=00:15:02.677/00:15:12.000 error
Thu May 12 2022 00:58:44 GMT+0900 (대한민국 표준시) ccc cocos_ad_60s_20210528_2mbps cocos_ad_60s_20210528_2mbps play=00:00:02.389/00:01:00.166 success
Thu May 12 2022 00:58:54 GMT+0900 (대한민국 표준시) ccc cocos_ad_60s_20210528_2mbps cocos_ad_60s_20210528_2mbps play=00:00:02.389/00:01:00.166 success
Thu May 12 2022 00:59:04 GMT+0900 (대한민국 표준시) ccc cocos_ad_60s_20210528_2mbps cocos_ad_60s_20210528_2mbps play=00:00:13.397/00:01:00.166 success
Thu May 12 2022 00:59:14 GMT+0900 (대한민국 표준시) ccc cocos_ad_60s_20210528_2mbps cocos_ad_60s_20210528_2mbps play=00:00:24.383/00:01:00.166 success
Thu May 12 2022 00:59:24 GMT+0900 (대한민국 표준시) ccc B120130408_D2_1107511 cocos_ad_60s_20210528_2mbps play=00:00:35.391/00:01:00.166 error
Thu May 12 2022 00:59:34 GMT+0900 (대한민국 표준시) ccc B120130408_D2_1107511 cocos_ad_60s_20210528_2mbps play=00:00:46.399/00:01:00.166 error
Thu May 12 2022 00:59:34 GMT+0900 (대한민국 표준시) ccc B120130408_D2_1107511 cocos_ad_60s_20210528_2mbps fail
Thu May 12 2022 00:59:44 GMT+0900 (대한민국 표준시) ccc B120130408_D2_1107511 cocos_ad_60s_20210528_2mbps play=00:00:57.386/00:01:00.166 error
Thu May 12 2022 00:59:54 GMT+0900 (대한민국 표준시) ccc B120130408_D2_1107511 B120130408_D2_1107511 play=00:00:07.530/00:10:56.000 success
Thu May 12 2022 01:00:04 GMT+0900 (대한민국 표준시) ccc B120130408_D2_1107511 B120130408_D2_1107511 play=00:00:18.517/00:10:56.000 success
Thu May 12 2022 01:00:14 GMT+0900 (대한민국 표준시) ccc B120130408_D2_1107511 B120130408_D2_1107511 play=00:00:29.513/00:10:56.000 success
Thu May 12 2022 01:00:24 GMT+0900 (대한민국 표준시) ccc B120130408_D2_1107511 B120130408_D2_1107511 play=00:00:40.533/00:10:56.000 success
Thu May 12 2022 01:00:34 GMT+0900 (대한민국 표준시) ccc B120130408_D2_1107511 B120130408_D2_1107511 play=00:00:51.520/00:10:56.000 success
Thu May 12 2022 01:00:44 GMT+0900 (대한민국 표준시) ccc B120130408_D2_1107511 B120130408_D2_1107511 play=00:00:51.520/00:10:56.000 success
Thu May 12 2022 01:00:54 GMT+0900 (대한민국 표준시) ccc B120130408_D2_1107511 B120130408_D2_1107511 play=00:01:02.528/00:10:56.000 success
Thu May 12 2022 01:01:04 GMT+0900 (대한민국 표준시) ccc B120130408_D2_1107511 B120130408_D2_1107511 play=00:01:13.536/00:10:56.000 success
Thu May 12 2022 01:01:14 GMT+0900 (대한민국 표준시) ccc B120130408_D2_1107511 B120130408_D2_1107511 play=00:01:24.535/00:10:56.000 success
Thu May 12 2022 01:01:24 GMT+0900 (대한민국 표준시) ccc B120130408_D2_1107511 B120130408_D2_1107511 play=00:01:35.512/00:10:56.000 success
Thu May 12 2022 01:01:34 GMT+0900 (대한민국 표준시) ccc B120130408_D2_1107511 B120130408_D2_1107511 play=00:01:46.523/00:10:56.000 success
Thu May 12 2022 01:01:44 GMT+0900 (대한민국 표준시) ccc B120130408_D2_1107511 B120130408_D2_1107511 play=00:01:57.534/00:10:56.000 success
Thu May 12 2022 01:01:54 GMT+0900 (대한민국 표준시) ccc B120130408_D2_1107511 B120130408_D2_1107511 play=00:02:08.512/00:10:56.000 success
Thu May 12 2022 01:02:04 GMT+0900 (대한민국 표준시) ccc B120130408_D2_1107511 B120130408_D2_1107511 play=00:02:19.523/00:10:56.000 success
Thu May 12 2022 01:02:14 GMT+0900 (대한민국 표준시) ccc B120130408_D2_1107511 B120130408_D2_1107511 play=00:02:30.528/00:10:56.000 success
Thu May 12 2022 01:02:24 GMT+0900 (대한민국 표준시) ccc B120130408_D2_1107511 B120130408_D2_1107511 play=00:02:41.536/00:10:56.000 success
Thu May 12 2022 01:02:34 GMT+0900 (대한민국 표준시) ccc B120130408_D2_1107511 B120130408_D2_1107511 play=00:02:41.536/00:10:56.000 success
Thu May 12 2022 01:02:44 GMT+0900 (대한민국 표준시) ccc B120130408_D2_1107511 B120130408_D2_1107511 play=00:02:52.523/00:10:56.000 success
Thu May 12 2022 01:02:54 GMT+0900 (대한민국 표준시) ccc B120130408_D2_1107511 B120130408_D2_1107511 play=00:03:03.534/00:10:56.000 success
Thu May 12 2022 01:03:04 GMT+0900 (대한민국 표준시) ccc B120130408_D2_1107511 B120130408_D2_1107511 play=00:03:14.517/00:10:56.000 success
Thu May 12 2022 01:03:14 GMT+0900 (대한민국 표준시) ccc B120130408_D2_1107511 B120130408_D2_1107511 play=00:03:25.525/00:10:56.000 success
